<?xml version="1.0" encoding="UTF-8"?>
<testsuite xmlns:xsi="http://www.w3.org/2001/XMLSchema-instance" xsi:noNamespaceSchemaLocation="https://maven.apache.org/surefire/maven-surefire-plugin/xsd/surefire-test-report-3.0.xsd" version="3.0" name="com.bajaj.service.BfhlServiceImplTest" time="0.084" tests="9" errors="0" skipped="0" failures="0">
  <properties>
[...]
</properties>
  <testcase name="allSpecialChars" classname="com.bajaj.service.BfhlServiceImplTest" time="0.061">
    <system-out><![CDATA[2026-05-26 15:20:56 [main] DEBUG c.bajaj.service.impl.BfhlServiceImpl - Processing 3 element(s): [@, #, !]
2026-05-26 15:20:56 [main] DEBUG c.bajaj.service.impl.BfhlServiceImpl - Computed → userId=john_doe_17091999, sum=0, concat=
]]></system-out>
  </testcase>
  <testcase name="zero_isEven" classname="com.bajaj.service.BfhlServiceImplTest" time="0.003">
    <system-out><![CDATA[2026-05-26 15:20:56 [main] DEBUG c.bajaj.service.impl.BfhlServiceImpl - Processing 1 element(s): [0]
2026-05-26 15:20:56 [main] DEBUG c.bajaj.service.impl.BfhlServiceImpl - Computed → userId=john_doe_17091999, sum=0, concat=
]]></system-out>
  </testcase>
  <testcase name="userId_isCorrectlyFormatted" classname="com.bajaj.service.BfhlServiceImplTest" time="0.002">
    <system-out><![CDATA[2026-05-26 15:20:56 [main] DEBUG c.bajaj.service.impl.BfhlServiceImpl - Processing 1 element(s): [1]
2026-05-26 15:20:56 [main] DEBUG c.bajaj.service.impl.BfhlServiceImpl - Computed → userId=john_doe_17091999, sum=1, concat=
]]></system-out>
  </testcase>
  <testcase name="emailAndRollNumber_fromConfig" classname="com.bajaj.service.BfhlServiceImplTest" time="0.001">
    <system-out><![CDATA[2026-05-26 15:20:56 [main] DEBUG c.bajaj.service.impl.BfhlServiceImpl - Processing 1 element(s): [1]
2026-05-26 15:20:56 [main] DEBUG c.bajaj.service.impl.BfhlServiceImpl - Computed → userId=john_doe_17091999, sum=1, concat=
]]></system-out>
  </testcase>
  <testcase name="numbersReturnedAsStrings" classname="com.bajaj.service.BfhlServiceImplTest" time="0.002">
    <system-out><![CDATA[2026-05-26 15:20:56 [main] DEBUG c.bajaj.service.impl.BfhlServiceImpl - Processing 2 element(s): [1, 2]
2026-05-26 15:20:56 [main] DEBUG c.bajaj.service.impl.BfhlServiceImpl - Computed → userId=john_doe_17091999, sum=3, concat=
]]></system-out>
  </testcase>
  <testcase name="emptyData_returnsDefaults" classname="com.bajaj.service.BfhlServiceImplTest" time="0.002">
    <system-out><![CDATA[2026-05-26 15:20:56 [main] DEBUG c.bajaj.service.impl.BfhlServiceImpl - Processing 0 element(s): []
2026-05-26 15:20:56 [main] DEBUG c.bajaj.service.impl.BfhlServiceImpl - Computed → userId=john_doe_17091999, sum=0, concat=
]]></system-out>
  </testcase>
  <testcase name="exampleA" classname="com.bajaj.service.BfhlServiceImplTest" time="0.002">
    <system-out><![CDATA[2026-05-26 15:20:56 [main] DEBUG c.bajaj.service.impl.BfhlServiceImpl - Processing 6 element(s): [a, 1, 334, 4, R, $]
2026-05-26 15:20:56 [main] DEBUG c.bajaj.service.impl.BfhlServiceImpl - Computed → userId=john_doe_17091999, sum=339, concat=Ra
]]></system-out>
  </testcase>
  <testcase name="exampleB" classname="com.bajaj.service.BfhlServiceImplTest" time="0.002">
    <system-out><![CDATA[2026-05-26 15:20:56 [main] DEBUG c.bajaj.service.impl.BfhlServiceImpl - Processing 10 element(s): [2, a, y, &, -, *, 5, 92, b, 4]
2026-05-26 15:20:56 [main] DEBUG c.bajaj.service.impl.BfhlServiceImpl - Computed → userId=john_doe_17091999, sum=103, concat=ByA
]]></system-out>
  </testcase>
  <testcase name="exampleC" classname="com.bajaj.service.BfhlServiceImplTest" time="0.001">
    <system-out><![CDATA[2026-05-26 15:20:56 [main] DEBUG c.bajaj.service.impl.BfhlServiceImpl - Processing 3 element(s): [A, ABCD, DOE]
2026-05-26 15:20:56 [main] DEBUG c.bajaj.service.impl.BfhlServiceImpl - Computed → userId=john_doe_17091999, sum=0, concat=EoDdCbAa
]]></system-out>
  </testcase>
</testsuite>